mode: atomic
github.com/Razzle131/loglint/cmd/main.go:12.13,20.2 6 0
github.com/Razzle131/loglint/config/config.go:33.37,35.62 2 0
github.com/Razzle131/loglint/config/config.go:35.62,37.3 1 0
github.com/Razzle131/loglint/config/config.go:39.2,39.12 1 0
github.com/Razzle131/loglint/plugin.go:10.13,12.2 1 0
github.com/Razzle131/loglint/plugin.go:21.55,23.16 2 0
github.com/Razzle131/loglint/plugin.go:23.16,25.3 1 0
github.com/Razzle131/loglint/plugin.go:27.2,30.23 3 0
github.com/Razzle131/loglint/plugin.go:33.65,41.2 1 0
github.com/Razzle131/loglint/plugin.go:43.39,45.2 1 0
github.com/Razzle131/loglint/plugin.go:47.56,49.2 1 0
github.com/Razzle131/loglint/logcheck/decorators.go:7.71,9.9 2 228
github.com/Razzle131/loglint/logcheck/decorators.go:9.9,11.3 1 149
github.com/Razzle131/loglint/logcheck/decorators.go:13.2,13.22 1 79
github.com/Razzle131/loglint/logcheck/logcheck.go:26.56,39.2 5 5
github.com/Razzle131/loglint/logcheck/logcheck.go:41.52,42.34 1 1
github.com/Razzle131/loglint/logcheck/logcheck.go:42.34,43.43 1 5
github.com/Razzle131/loglint/logcheck/logcheck.go:43.43,45.11 2 918
github.com/Razzle131/loglint/logcheck/logcheck.go:45.11,47.5 1 859
github.com/Razzle131/loglint/logcheck/logcheck.go:49.4,50.17 2 59
github.com/Razzle131/loglint/logcheck/logcheck.go:50.17,52.5 1 0
github.com/Razzle131/loglint/logcheck/logcheck.go:54.4,54.60 1 59
github.com/Razzle131/loglint/logcheck/logcheck.go:54.60,56.5 1 771
github.com/Razzle131/loglint/logcheck/logcheck.go:57.4,57.17 1 59
github.com/Razzle131/loglint/logcheck/logcheck.go:57.17,59.5 1 12
github.com/Razzle131/loglint/logcheck/logcheck.go:61.4,65.33 4 47
github.com/Razzle131/loglint/logcheck/logcheck.go:65.33,67.5 1 13
github.com/Razzle131/loglint/logcheck/logcheck.go:69.4,69.29 1 47
github.com/Razzle131/loglint/logcheck/logcheck.go:69.29,72.5 1 39
github.com/Razzle131/loglint/logcheck/logcheck.go:74.4,74.15 1 47
github.com/Razzle131/loglint/logcheck/logcheck.go:78.2,78.17 1 1
github.com/Razzle131/loglint/logcheck/logcheck.go:81.38,89.2 5 60
github.com/Razzle131/loglint/logcheck/logcheck.go:93.50,94.39 1 39
github.com/Razzle131/loglint/logcheck/logcheck.go:94.39,96.3 1 0
github.com/Razzle131/loglint/logcheck/logcheck.go:98.2,102.29 4 39
github.com/Razzle131/loglint/logcheck/logcheck.go:102.29,103.17 1 117
github.com/Razzle131/loglint/logcheck/logcheck.go:103.17,104.12 1 106
github.com/Razzle131/loglint/logcheck/logcheck.go:106.3,106.25 1 11
github.com/Razzle131/loglint/logcheck/logcheck.go:109.2,109.12 1 39
github.com/Razzle131/loglint/logcheck/logcheck.go:112.43,113.51 1 33
github.com/Razzle131/loglint/logcheck/logcheck.go:113.51,115.3 1 28
github.com/Razzle131/loglint/logcheck/logcheck.go:117.2,117.18 1 5
github.com/Razzle131/loglint/logcheck/logcheck.go:120.64,124.18 3 7
github.com/Razzle131/loglint/logcheck/logcheck.go:124.18,132.3 5 12
github.com/Razzle131/loglint/logcheck/logcheck.go:134.2,134.12 1 7
github.com/Razzle131/loglint/logcheck/logcheck.go:137.43,138.28 1 45
github.com/Razzle131/loglint/logcheck/logcheck.go:138.28,140.3 1 0
github.com/Razzle131/loglint/logcheck/logcheck.go:142.2,142.16 1 45
github.com/Razzle131/loglint/logcheck/logcheck.go:142.16,144.3 1 2
github.com/Razzle131/loglint/logcheck/logcheck.go:146.2,147.68 2 43
github.com/Razzle131/loglint/logcheck/logcheck.go:147.68,149.3 1 5
github.com/Razzle131/loglint/logcheck/logcheck.go:151.2,151.12 1 38
github.com/Razzle131/loglint/logcheck/logcheck.go:154.35,155.28 1 43
github.com/Razzle131/loglint/logcheck/logcheck.go:155.28,157.3 1 0
github.com/Razzle131/loglint/logcheck/logcheck.go:159.2,159.47 1 43
github.com/Razzle131/loglint/logcheck/logcheck.go:159.47,161.3 1 223
github.com/Razzle131/loglint/logcheck/logcheck.go:161.5,163.3 1 3
github.com/Razzle131/loglint/logcheck/logcheck.go:165.2,165.12 1 40
github.com/Razzle131/loglint/logcheck/logcheck.go:168.42,169.28 1 45
github.com/Razzle131/loglint/logcheck/logcheck.go:169.28,171.3 1 0
github.com/Razzle131/loglint/logcheck/logcheck.go:173.2,173.47 1 45
github.com/Razzle131/loglint/logcheck/logcheck.go:173.47,175.3 1 230
github.com/Razzle131/loglint/logcheck/logcheck.go:175.5,177.3 1 9
github.com/Razzle131/loglint/logcheck/logcheck.go:179.2,179.12 1 36
github.com/Razzle131/loglint/logcheck/logcheck.go:182.37,183.28 1 36
github.com/Razzle131/loglint/logcheck/logcheck.go:183.28,185.3 1 0
github.com/Razzle131/loglint/logcheck/logcheck.go:187.2,187.54 1 36
github.com/Razzle131/loglint/logcheck/logcheck.go:187.54,189.3 1 29
github.com/Razzle131/loglint/logcheck/logcheck.go:191.2,191.12 1 7
github.com/Razzle131/loglint/logcheck/logcheck.go:194.48,196.54 2 39
github.com/Razzle131/loglint/logcheck/logcheck.go:196.54,197.13 1 0
github.com/Razzle131/loglint/logcheck/logcheck.go:199.2,199.21 1 39
