mode: atomic
github.com/Razzle131/loglint/config/config.go:22.41,24.62 2 0
github.com/Razzle131/loglint/config/config.go:24.62,26.3 1 0
github.com/Razzle131/loglint/config/config.go:28.2,28.12 1 0
github.com/Razzle131/loglint/cmd/main.go:11.13,19.2 6 0
github.com/Razzle131/loglint/logcheck/decorators.go:7.71,9.9 2 0
github.com/Razzle131/loglint/logcheck/decorators.go:9.9,11.3 1 0
github.com/Razzle131/loglint/logcheck/decorators.go:13.2,13.22 1 0
github.com/Razzle131/loglint/logcheck/logcheck.go:24.48,35.2 4 0
github.com/Razzle131/loglint/logcheck/logcheck.go:37.52,38.34 1 0
github.com/Razzle131/loglint/logcheck/logcheck.go:38.34,39.43 1 0
github.com/Razzle131/loglint/logcheck/logcheck.go:39.43,41.11 2 0
github.com/Razzle131/loglint/logcheck/logcheck.go:41.11,43.5 1 0
github.com/Razzle131/loglint/logcheck/logcheck.go:45.4,46.17 2 0
github.com/Razzle131/loglint/logcheck/logcheck.go:46.17,48.5 1 0
github.com/Razzle131/loglint/logcheck/logcheck.go:50.4,50.60 1 0
github.com/Razzle131/loglint/logcheck/logcheck.go:50.60,52.5 1 0
github.com/Razzle131/loglint/logcheck/logcheck.go:53.4,53.17 1 0
github.com/Razzle131/loglint/logcheck/logcheck.go:53.17,55.5 1 0
github.com/Razzle131/loglint/logcheck/logcheck.go:57.4,61.33 4 0
github.com/Razzle131/loglint/logcheck/logcheck.go:61.33,63.5 1 0
github.com/Razzle131/loglint/logcheck/logcheck.go:65.4,65.29 1 0
github.com/Razzle131/loglint/logcheck/logcheck.go:65.29,68.5 1 0
github.com/Razzle131/loglint/logcheck/logcheck.go:70.4,70.15 1 0
github.com/Razzle131/loglint/logcheck/logcheck.go:74.2,74.17 1 0
github.com/Razzle131/loglint/logcheck/logcheck.go:77.38,85.2 5 0
github.com/Razzle131/loglint/logcheck/logcheck.go:87.50,92.29 4 0
github.com/Razzle131/loglint/logcheck/logcheck.go:92.29,93.17 1 0
github.com/Razzle131/loglint/logcheck/logcheck.go:93.17,94.12 1 0
github.com/Razzle131/loglint/logcheck/logcheck.go:96.3,96.25 1 0
github.com/Razzle131/loglint/logcheck/logcheck.go:99.2,99.12 1 0
github.com/Razzle131/loglint/logcheck/logcheck.go:102.43,103.51 1 0
github.com/Razzle131/loglint/logcheck/logcheck.go:103.51,105.3 1 0
github.com/Razzle131/loglint/logcheck/logcheck.go:107.2,107.18 1 0
github.com/Razzle131/loglint/logcheck/logcheck.go:110.64,114.18 3 0
github.com/Razzle131/loglint/logcheck/logcheck.go:114.18,122.3 5 0
github.com/Razzle131/loglint/logcheck/logcheck.go:124.2,124.12 1 0
github.com/Razzle131/loglint/logcheck/logcheck.go:127.43,128.16 1 6
github.com/Razzle131/loglint/logcheck/logcheck.go:128.16,130.3 1 1
github.com/Razzle131/loglint/logcheck/logcheck.go:132.2,133.68 2 5
github.com/Razzle131/loglint/logcheck/logcheck.go:133.68,135.3 1 2
github.com/Razzle131/loglint/logcheck/logcheck.go:137.2,137.12 1 3
github.com/Razzle131/loglint/logcheck/logcheck.go:140.35,141.47 1 4
github.com/Razzle131/loglint/logcheck/logcheck.go:141.47,143.3 1 21
github.com/Razzle131/loglint/logcheck/logcheck.go:143.5,145.3 1 1
github.com/Razzle131/loglint/logcheck/logcheck.go:147.2,147.12 1 3
github.com/Razzle131/loglint/logcheck/logcheck.go:150.42,151.47 1 6
github.com/Razzle131/loglint/logcheck/logcheck.go:151.47,153.3 1 36
github.com/Razzle131/loglint/logcheck/logcheck.go:153.5,155.3 1 3
github.com/Razzle131/loglint/logcheck/logcheck.go:157.2,157.12 1 3
github.com/Razzle131/loglint/logcheck/logcheck.go:160.37,161.54 1 3
github.com/Razzle131/loglint/logcheck/logcheck.go:161.54,163.3 1 1
github.com/Razzle131/loglint/logcheck/logcheck.go:165.2,165.12 1 2
github.com/Razzle131/loglint/logcheck/logcheck.go:169.48,171.54 2 0
github.com/Razzle131/loglint/logcheck/logcheck.go:171.54,172.13 1 0
github.com/Razzle131/loglint/logcheck/logcheck.go:174.2,174.21 1 0
